  ConsoleApplication1.cpp
E:\C++\41825\source\repos\ConsoleApplication1\ConsoleApplication1\ConsoleApplication1.cpp(32,34): warning C4566: 由通用字符名称“\u2713”表示的字符不能在当前代码页(936)中表示出来
E:\C++\41825\source\repos\ConsoleApplication1\ConsoleApplication1\ConsoleApplication1.cpp(39,34): warning C4566: 由通用字符名称“\u2713”表示的字符不能在当前代码页(936)中表示出来
E:\C++\41825\source\repos\ConsoleApplication1\ConsoleApplication1\ConsoleApplication1.cpp(47,30): warning C4566: 由通用字符名称“\u2713”表示的字符不能在当前代码页(936)中表示出来
  recorder.cpp
E:\C++\41825\source\repos\ConsoleApplication1\ConsoleApplication1\recorder.cpp(15,17): warning C4244: “初始化”: 从“_Rep”转换到“DWORD”，可能丢失数据
E:\C++\41825\source\repos\ConsoleApplication1\ConsoleApplication1\recorder.cpp(15,17): warning C4244:         with
E:\C++\41825\source\repos\ConsoleApplication1\ConsoleApplication1\recorder.cpp(15,17): warning C4244:         [
E:\C++\41825\source\repos\ConsoleApplication1\ConsoleApplication1\recorder.cpp(15,17): warning C4244:             _Rep=__int64
E:\C++\41825\source\repos\ConsoleApplication1\ConsoleApplication1\recorder.cpp(15,17): warning C4244:         ]
E:\C++\41825\source\repos\ConsoleApplication1\ConsoleApplication1\recorder.cpp(23,17): warning C4244: “初始化”: 从“_Rep”转换到“DWORD”，可能丢失数据
E:\C++\41825\source\repos\ConsoleApplication1\ConsoleApplication1\recorder.cpp(23,17): warning C4244:         with
E:\C++\41825\source\repos\ConsoleApplication1\ConsoleApplication1\recorder.cpp(23,17): warning C4244:         [
E:\C++\41825\source\repos\ConsoleApplication1\ConsoleApplication1\recorder.cpp(23,17): warning C4244:             _Rep=__int64
E:\C++\41825\source\repos\ConsoleApplication1\ConsoleApplication1\recorder.cpp(23,17): warning C4244:         ]
E:\C++\41825\source\repos\ConsoleApplication1\ConsoleApplication1\recorder.cpp(36,29): warning C4244: “=”: 从“const DWORD”转换到“WORD”，可能丢失数据
  正在生成代码
  Previous IPDB not found, fall back to full compilation.
  All 127 functions were compiled because no usable IPDB/IOBJ from previous compilation was found.
  已完成代码的生成
  ConsoleApplication1.vcxproj -> E:\C++\41825\source\repos\ConsoleApplication1\x64\Release\ConsoleApplication1.exe
  'pwsh.exe' 不是内部或外部命令，也不是可运行的程序
  或批处理文件。
